\BOOKMARK [0][-]{chapter*.1}{\376\377\136\217\212\000}{}% 1
\BOOKMARK [-1][-]{part.1}{\376\377\000I\000\040\127\372\147\054\121\154\164\006\377\032\121\155\147\141\150\070\137\303\123\237\122\031}{}% 2
\BOOKMARK [0][-]{chapter*.5}{\376\377\000R\0001\000-\000R\0006\000\040\117\123\174\373\133\374\211\310}{part.1}% 3
\BOOKMARK [0][-]{chapter.1}{\376\377\000R\0001\000\040\040\024\000\040\126\340\147\234\145\366\172\172\176\323\147\204}{part.1}% 4
\BOOKMARK [1][-]{section.1.1}{\376\377\140\073\213\364\377\032\133\207\133\231\166\204\202\036\123\360}{chapter.1}% 5
\BOOKMARK [2][-]{subsection.1.1.1}{\376\377\150\070\137\303\126\376\120\317\377\032\121\111\220\037\166\204\176\335\133\371\140\047}{section.1.1}% 6
\BOOKMARK [2][-]{subsection.1.1.2}{\376\377\116\072\116\300\116\110\217\331\147\141\123\237\122\031\137\305\116\015\123\357\134\021}{section.1.1}% 7
\BOOKMARK [2][-]{subsection.1.1.3}{\376\377\137\025\122\233\116\072\116\300\116\110\146\057\145\366\172\172\137\057\146\362}{section.1.1}% 8
\BOOKMARK [1][-]{section.1.2}{\376\377\116\045\150\074\226\110\217\360}{chapter.1}% 9
\BOOKMARK [2][-]{subsection.1.2.1}{\376\377\000R\0001\000\040\123\005\124\053\116\011\116\052\220\073\217\221\116\012\162\354\172\313\166\204\133\120\123\237\122\031}{section.1.2}% 10
\BOOKMARK [2][-]{subsection.1.2.2}{\376\377\220\073\217\221\121\163\174\373}{section.1.2}% 11
\BOOKMARK [1][-]{section.1.3}{\376\377\123\330\221\317\133\232\116\111}{chapter.1}% 12
\BOOKMARK [1][-]{section.1.4}{\376\377\145\160\133\146\210\150\217\276\137\017}{chapter.1}% 13
\BOOKMARK [2][-]{subsection.1.4.1}{\376\377\136\163\166\364\145\366\172\172\377\032\000M\000i\000n\000k\000o\000w\000s\000k\000i\000\040\136\246\211\304}{section.1.4}% 14
\BOOKMARK [2][-]{subsection.1.4.2}{\376\377\137\057\146\362\145\366\172\172\377\032\116\000\202\054\127\120\150\007}{section.1.4}% 15
\BOOKMARK [2][-]{subsection.1.4.3}{\376\377\126\340\147\234\122\006\174\173}{section.1.4}% 16
\BOOKMARK [2][-]{subsection.1.4.4}{\376\377\134\100\127\337\140\047\176\246\147\137}{section.1.4}% 17
\BOOKMARK [2][-]{subsection.1.4.5}{\376\377\173\111\145\110\123\237\164\006\166\204\133\232\221\317\210\150\217\360}{section.1.4}% 18
\BOOKMARK [1][-]{section.1.5}{\376\377\116\045\214\050\143\250\133\374}{chapter.1}% 19
\BOOKMARK [2][-]{subsection.1.5.1}{\376\377\143\250\133\374\000\040\0001\377\032\116\316\121\111\220\037\116\015\123\330\140\047\122\060\000\040\000L\000o\000r\000e\000n\000t\000z\000\040\123\330\143\142}{section.1.5}% 20
\BOOKMARK [2][-]{subsection.1.5.2}{\376\377\143\250\133\374\000\040\0002\377\032\145\366\225\364\201\250\200\300\116\016\225\177\136\246\145\066\177\051}{section.1.5}% 21
\BOOKMARK [2][-]{subsection.1.5.3}{\376\377\143\250\133\374\000\040\0003\377\032\126\340\147\234\122\006\174\173\166\204\121\340\117\125\147\145\156\220}{section.1.5}% 22
\BOOKMARK [2][-]{subsection.1.5.4}{\376\377\143\250\133\374\000\040\0004\377\032\173\111\145\110\123\237\164\006\166\204\134\100\127\337\140\047}{section.1.5}% 23
\BOOKMARK [1][-]{section.1.6}{\376\377\142\020\172\313\147\141\116\366\000\040\000\050\000S\000c\000o\000p\000e\000\051}{chapter.1}% 24
\BOOKMARK [1][-]{section.1.7}{\376\377\131\061\145\110\217\271\165\114\000\040\000\050\000B\000o\000u\000n\000d\000a\000r\000y\000\051}{chapter.1}% 25
\BOOKMARK [1][-]{section.1.8}{\376\377\137\305\211\201\140\047}{chapter.1}% 26
\BOOKMARK [2][-]{subsection.1.8.1}{\376\377\202\345\171\373\226\144\000\040\000R\0001\000\040\166\204\116\373\116\000\220\350\122\006}{section.1.8}% 27
\BOOKMARK [1][-]{section.1.9}{\376\377\121\105\122\006\140\047}{chapter.1}% 28
\BOOKMARK [2][-]{subsection.1.9.1}{\376\377\000\050\0001\000a\000+\0001\000b\000\051\000\040\126\340\147\234\000-\166\370\133\371\213\272\176\323\147\204\123\125\162\354\143\320\117\233}{section.1.9}% 29
\BOOKMARK [2][-]{subsection.1.9.2}{\376\377\000\050\0001\000c\000\051\000\040\173\111\145\110\123\237\164\006\000\040\000+\000\040\136\177\116\111\123\117\123\330\140\047\143\320\117\233}{section.1.9}% 30
\BOOKMARK [1][-]{section.1.10}{\376\377\133\120\176\304\116\366\146\040\134\004}{chapter.1}% 31
\BOOKMARK [1][-]{section.1.11}{\376\377\147\054\172\340\134\017\176\323}{chapter.1}% 32
\BOOKMARK [0][-]{chapter.2}{\376\377\000R\0002\000\040\040\024\000\040\147\000\134\017\117\134\165\050\221\317\123\237\164\006}{part.1}% 33
\BOOKMARK [1][-]{section.2.1}{\376\377\140\073\213\364\377\032\201\352\161\066\166\204\000"\220\011\142\351\154\325\122\031\000"}{chapter.2}% 34
\BOOKMARK [2][-]{subsection.2.1.1}{\376\377\150\070\137\303\126\376\120\317\377\032\116\000\116\052\000"\143\021\122\124\000"\166\204\133\207\133\231}{section.2.1}% 35
\BOOKMARK [2][-]{subsection.2.1.2}{\376\377\116\072\116\300\116\110\146\057\117\134\165\050\221\317\200\014\116\015\146\057\122\053\166\204\221\317}{section.2.1}% 36
\BOOKMARK [2][-]{subsection.2.1.3}{\376\377\166\364\211\302\174\173\153\324\377\032\121\111\215\160\000"\147\000\167\001\145\366\000"\166\204\215\357}{section.2.1}% 37
\BOOKMARK [1][-]{section.2.2}{\376\377\123\330\221\317\133\232\116\111}{chapter.2}% 38
\BOOKMARK [1][-]{section.2.3}{\376\377\145\160\133\146\210\150\217\276\137\017}{chapter.2}% 39
\BOOKMARK [2][-]{subsection.2.3.1}{\376\377\174\222\133\120\122\233\133\146}{section.2.3}% 40
\BOOKMARK [2][-]{subsection.2.3.2}{\376\377\127\072\213\272}{section.2.3}% 41
\BOOKMARK [2][-]{subsection.2.3.3}{\376\377\136\163\172\063\117\134\165\050\221\317\147\141\116\366}{section.2.3}% 42
\BOOKMARK [1][-]{section.2.4}{\376\377\116\045\214\050\143\250\133\374}{chapter.2}% 43
\BOOKMARK [2][-]{subsection.2.4.1}{\376\377\143\250\133\374\000\040\0001\377\032\000E\000u\000l\000e\000r\000-\000L\000a\000g\000r\000a\000n\000g\000e\000\040\145\271\172\013}{section.2.4}% 44
\BOOKMARK [2][-]{subsection.2.4.2}{\376\377\143\250\133\374\000\040\0002\377\032\000N\000o\000e\000t\000h\000e\000r\000\040\133\232\164\006}{section.2.4}% 45
\BOOKMARK [1][-]{section.2.5}{\376\377\142\020\172\313\147\141\116\366\116\016\131\061\145\110\217\271\165\114}{chapter.2}% 46
\BOOKMARK [1][-]{section.2.6}{\376\377\137\305\211\201\140\047\000\040\000\050\000N\000e\000c\000e\000s\000s\000i\000t\000y\000\051}{chapter.2}% 47
\BOOKMARK [1][-]{section.2.7}{\376\377\121\105\122\006\140\047\000\040\000\050\000S\000u\000f\000f\000i\000c\000i\000e\000n\000c\000y\000\051}{chapter.2}% 48
\BOOKMARK [1][-]{section.2.8}{\376\377\166\364\143\245\143\250\213\272}{chapter.2}% 49
\BOOKMARK [1][-]{section.2.9}{\376\377\166\364\211\311\164\006\211\343\377\032\000F\000e\000r\000m\000a\000t\000\040\166\204\220\127\116\247}{chapter.2}% 50
\BOOKMARK [2][-]{subsection.2.9.1}{\376\377\116\000\116\052\121\167\117\123\117\213\133\120\377\032\116\072\116\300\116\110\164\003\154\277\166\364\176\277\156\332\377\037}{section.2.9}% 51
\BOOKMARK [0][-]{chapter.3}{\376\377\000R\0003\000\040\040\024\000\040\134\100\127\337\211\304\203\003\116\015\123\330\140\047}{part.1}% 52
\BOOKMARK [1][-]{section.3.1}{\376\377\140\073\213\364\377\032\133\371\171\360\140\047\121\263\133\232\122\233}{chapter.3}% 53
\BOOKMARK [2][-]{subsection.3.1.1}{\376\377\150\070\137\303\126\376\120\317\377\032\116\316\121\150\134\100\166\370\117\115\122\060\134\100\127\337\166\370\117\115}{section.3.1}% 54
\BOOKMARK [2][-]{subsection.3.1.2}{\376\377\116\000\116\052\147\072\150\260\174\173\153\324}{section.3.1}% 55
\BOOKMARK [2][-]{subsection.3.1.3}{\376\377\000"\211\304\203\003\000"\217\331\116\052\131\107\140\052\166\204\124\015\133\127}{section.3.1}% 56
\BOOKMARK [1][-]{section.3.2}{\376\377\123\330\221\317\133\232\116\111}{chapter.3}% 57
\BOOKMARK [1][-]{section.3.3}{\376\377\145\160\133\146\210\150\217\276\137\017}{chapter.3}% 58
\BOOKMARK [2][-]{subsection.3.3.1}{\376\377\134\100\127\337\211\304\203\003\123\330\143\142\377\010\000U\000\050\0001\000\051\000\040\116\072\117\213\377\011}{section.3.3}% 59
\BOOKMARK [2][-]{subsection.3.3.2}{\376\377\123\117\123\330\133\374\145\160\377\010\147\000\134\017\200\046\124\010\377\011}{section.3.3}% 60
\BOOKMARK [2][-]{subsection.3.3.3}{\376\377\127\072\137\072\137\040\221\317}{section.3.3}% 61
\BOOKMARK [2][-]{subsection.3.3.4}{\376\377\211\304\203\003\116\015\123\330\142\311\150\074\147\027\145\345\221\317}{section.3.3}% 62
\BOOKMARK [1][-]{section.3.4}{\376\377\116\045\214\050\143\250\133\374}{chapter.3}% 63
\BOOKMARK [2][-]{subsection.3.4.1}{\376\377\143\250\133\374\000\040\0001\377\032\116\316\121\150\134\100\133\371\171\360\140\047\122\060\134\100\127\337\133\371\171\360\140\047}{section.3.4}% 64
\BOOKMARK [2][-]{subsection.3.4.2}{\376\377\143\250\133\374\000\040\0002\377\032\116\316\211\304\203\003\116\015\123\330\140\047\122\060\000\040\000M\000a\000x\000w\000e\000l\000l\000\040\145\271\172\013\176\304}{section.3.4}% 65
\BOOKMARK [1][-]{section.3.5}{\376\377\211\304\203\003\127\072\122\250\122\233\133\146\166\204\170\156\133\232}{chapter.3}% 66
\BOOKMARK [1][-]{section.3.6}{\376\377\142\020\172\313\147\141\116\366\116\016\131\061\145\110\217\271\165\114}{chapter.3}% 67
\BOOKMARK [1][-]{section.3.7}{\376\377\137\305\211\201\140\047\000\040\000\050\000N\000e\000c\000e\000s\000s\000i\000t\000y\000\051}{chapter.3}% 68
\BOOKMARK [1][-]{section.3.8}{\376\377\121\105\122\006\140\047\000\040\000\050\000S\000u\000f\000f\000i\000c\000i\000e\000n\000c\000y\000\051}{chapter.3}% 69
\BOOKMARK [1][-]{section.3.9}{\376\377\166\364\211\311\164\006\211\343\377\032\116\072\116\300\116\110\227\000\211\201\211\304\203\003\127\072\377\037}{chapter.3}% 70
\BOOKMARK [0][-]{chapter.4}{\376\377\000R\0004\000\040\040\024\000\040\221\317\133\120\122\233\133\146\121\154\213\276}{part.1}% 71
\BOOKMARK [1][-]{section.4.1}{\376\377\140\073\213\364\377\032\116\026\165\114\166\204\167\037\153\143\213\355\212\000}{chapter.4}% 72
\BOOKMARK [2][-]{subsection.4.1.1}{\376\377\150\070\137\303\126\376\120\317\000\040\0001\377\032\123\340\122\240\040\024\040\024\116\000\116\052\174\222\133\120\123\357\116\345\124\014\145\366\127\050\116\044\116\052\127\060\145\271}{section.4.1}% 73
\BOOKMARK [2][-]{subsection.4.1.2}{\376\377\150\070\137\303\126\376\120\317\000\040\0002\377\032\133\371\146\023\121\163\174\373\040\024\040\024\117\115\177\156\124\214\122\250\221\317\116\015\200\375\124\014\145\366\170\156\133\232}{section.4.1}% 74
\BOOKMARK [2][-]{subsection.4.1.3}{\376\377\133\371\146\023\121\163\174\373\166\204\162\151\164\006\126\376\120\317}{section.4.1}% 75
\BOOKMARK [2][-]{subsection.4.1.4}{\376\377\136\172\153\143\157\024\123\026\377\032\221\317\133\120\116\026\165\114\166\204\000"\145\366\224\237\000"}{section.4.1}% 76
\BOOKMARK [2][-]{subsection.4.1.5}{\376\377\116\072\116\300\116\110\146\057\147\000\134\017\176\337\213\241\213\340\221\312}{section.4.1}% 77
\BOOKMARK [1][-]{section.4.2}{\376\377\123\330\221\317\133\232\116\111}{chapter.4}% 78
\BOOKMARK [1][-]{section.4.3}{\376\377\145\160\133\146\210\150\217\276\137\017}{chapter.4}% 79
\BOOKMARK [2][-]{subsection.4.3.1}{\376\377\000\050\0004\000a\000\051\000\040\123\340\122\240\123\237\164\006}{section.4.3}% 80
\BOOKMARK [2][-]{subsection.4.3.2}{\376\377\000\050\0004\000b\000\051\000\040\136\172\153\143\157\024\123\026}{section.4.3}% 81
\BOOKMARK [2][-]{subsection.4.3.3}{\376\377\000\050\0004\000c\000\051\000\040\153\143\122\031\133\371\146\023\121\163\174\373}{section.4.3}% 82
\BOOKMARK [2][-]{subsection.4.3.4}{\376\377\000\050\0004\000d\000\051\000\040\173\227\173\046\000-\123\357\211\302\155\113\221\317\133\371\136\224}{section.4.3}% 83
\BOOKMARK [1][-]{section.4.4}{\376\377\116\045\214\050\143\250\133\374}{chapter.4}% 84
\BOOKMARK [2][-]{subsection.4.4.1}{\376\377\143\250\133\374\000\040\0001\377\032\116\316\136\172\153\143\157\024\123\026\122\060\000\040\000S\000c\000h\000r\000\366\000d\000i\000n\000g\000e\000r\000\040\145\271\172\013}{section.4.4}% 85
\BOOKMARK [2][-]{subsection.4.4.2}{\376\377\143\250\133\374\000\040\0002\377\032\116\316\153\143\122\031\133\371\146\023\121\163\174\373\122\060\116\015\170\156\133\232\140\047\123\237\164\006}{section.4.4}% 86
\BOOKMARK [2][-]{subsection.4.4.3}{\376\377\143\250\133\374\000\040\0003\377\032\200\375\221\317\000-\145\366\225\364\116\015\170\156\133\232\140\047}{section.4.4}% 87
\BOOKMARK [1][-]{section.4.5}{\376\377\142\020\172\313\147\141\116\366\116\016\131\061\145\110\217\271\165\114}{chapter.4}% 88
\BOOKMARK [1][-]{section.4.6}{\376\377\137\305\211\201\140\047\000\040\000\050\000N\000e\000c\000e\000s\000s\000i\000t\000y\000\051}{chapter.4}% 89
\BOOKMARK [1][-]{section.4.7}{\376\377\121\105\122\006\140\047\000\040\000\050\000S\000u\000f\000f\000i\000c\000i\000e\000n\000c\000y\000\051}{chapter.4}% 90
\BOOKMARK [0][-]{chapter.5}{\376\377\000R\0005\000\040\040\024\000\040\000B\000o\000r\000n\000\040\151\202\163\207\211\304\122\031}{part.1}% 91
\BOOKMARK [1][-]{section.5.1}{\376\377\140\073\213\364\377\032\116\316\123\357\200\375\140\047\122\060\151\202\163\207}{chapter.5}% 92
\BOOKMARK [2][-]{subsection.5.1.1}{\376\377\116\072\116\300\116\110\137\305\230\173\146\057\152\041\145\271}{section.5.1}% 93
\BOOKMARK [2][-]{subsection.5.1.2}{\376\377\136\162\155\211\377\032\221\317\133\120\166\204\000"\173\176\124\015\000"}{section.5.1}% 94
\BOOKMARK [2][-]{subsection.5.1.3}{\376\377\151\202\163\207\136\105\000\040\000v\000s\000\040\151\202\163\207\377\032\116\000\116\052\121\163\225\056\123\072\122\053}{section.5.1}% 95
\BOOKMARK [1][-]{section.5.2}{\376\377\123\330\221\317\133\232\116\111}{chapter.5}% 96
\BOOKMARK [1][-]{section.5.3}{\376\377\145\160\133\146\210\150\217\276\137\017}{chapter.5}% 97
\BOOKMARK [2][-]{subsection.5.3.1}{\376\377\171\273\145\143\214\061\377\010\227\136\173\200\136\166\377\011}{section.5.3}% 98
\BOOKMARK [2][-]{subsection.5.3.2}{\376\377\171\273\145\143\214\061\377\010\000g\000i\000\040\221\315\173\200\136\166\377\011}{section.5.3}% 99
\BOOKMARK [2][-]{subsection.5.3.3}{\376\377\217\336\176\355\214\061\377\010\117\213\131\202\117\115\177\156\000\040\000x\377\011}{section.5.3}% 100
\BOOKMARK [2][-]{subsection.5.3.4}{\376\377\137\122\116\000\123\026\147\141\116\366}{section.5.3}% 101
\BOOKMARK [2][-]{subsection.5.3.5}{\376\377\147\037\147\033\120\074}{section.5.3}% 102
\BOOKMARK [1][-]{section.5.4}{\376\377\116\045\214\050\143\250\133\374}{chapter.5}% 103
\BOOKMARK [2][-]{subsection.5.4.1}{\376\377\143\250\133\374\000\040\0001\377\032\116\316\151\202\163\207\136\105\122\060\147\037\147\033\120\074}{section.5.4}% 104
\BOOKMARK [2][-]{subsection.5.4.2}{\376\377\143\250\133\374\000\040\0002\377\032\000G\000l\000e\000a\000s\000o\000n\000\040\133\232\164\006\040\024\040\024\000B\000o\000r\000n\000\040\211\304\122\031\166\204\125\057\116\000\140\047}{section.5.4}% 105
\BOOKMARK [2][-]{subsection.5.4.3}{\376\377\143\250\133\374\000\040\0003\377\032\133\306\136\246\167\351\226\065\166\204\000\040\000B\000o\000r\000n\000\040\211\304\122\031\377\010\155\367\140\001\143\250\136\177\377\011}{section.5.4}% 106
\BOOKMARK [1][-]{section.5.5}{\376\377\137\305\211\201\140\047\000\040\000\050\000N\000e\000c\000e\000s\000s\000i\000t\000y\000\051}{chapter.5}% 107
\BOOKMARK [1][-]{section.5.6}{\376\377\121\105\122\006\140\047\000\040\000\050\000S\000u\000f\000f\000i\000c\000i\000e\000n\000c\000y\000\051}{chapter.5}% 108
\BOOKMARK [1][-]{section.5.7}{\376\377\166\364\211\311\164\006\211\343\377\032\123\314\177\035\133\236\232\214}{chapter.5}% 109
\BOOKMARK [0][-]{chapter.6}{\376\377\000R\0006\000\040\040\024\000\040\161\265\166\204\176\337\213\241\133\232\116\111}{part.1}% 110
\BOOKMARK [1][-]{section.6.1}{\376\377\140\073\213\364\377\032\116\316\137\256\211\302\122\060\133\217\211\302\166\204\150\145\150\201}{chapter.6}% 111
\BOOKMARK [2][-]{subsection.6.1.1}{\376\377\150\070\137\303\126\376\120\317\377\032\170\154\136\001\060\001\232\260\133\120\124\214\137\256\211\302\162\266\140\001}{section.6.1}% 112
\BOOKMARK [2][-]{subsection.6.1.2}{\376\377\161\265\130\236\377\032\116\072\116\300\116\110\145\366\225\364\147\011\145\271\124\021}{section.6.1}% 113
\BOOKMARK [2][-]{subsection.6.1.3}{\376\377\173\111\151\202\163\207\120\107\213\276\377\032\176\337\213\241\122\233\133\146\166\204\125\057\116\000\120\107\213\276}{section.6.1}% 114
\BOOKMARK [2][-]{subsection.6.1.4}{\376\377\156\051\136\246\377\032\161\265\166\204\000"\116\367\150\074\150\007\173\176\000"}{section.6.1}% 115
\BOOKMARK [1][-]{section.6.2}{\376\377\123\330\221\317\133\232\116\111}{chapter.6}% 116
\BOOKMARK [1][-]{section.6.3}{\376\377\145\160\133\146\210\150\217\276\137\017}{chapter.6}% 117
\BOOKMARK [2][-]{subsection.6.3.1}{\376\377\000B\000o\000l\000t\000z\000m\000a\000n\000n\000\040\161\265\121\154\137\017}{section.6.3}% 118
\BOOKMARK [2][-]{subsection.6.3.2}{\376\377\156\051\136\246\133\232\116\111\377\010\165\061\000\040\000S\000\040\000=\000\040\000k\000B\000\040\000W\000\040\133\374\121\372\377\011}{section.6.3}% 119
\BOOKMARK [2][-]{subsection.6.3.3}{\376\377\160\355\122\233\133\146\173\054\116\214\133\232\137\213\377\010\176\337\213\241\137\142\137\017\377\011}{section.6.3}% 120
\BOOKMARK [2][-]{subsection.6.3.4}{\376\377\000B\000o\000l\000t\000z\000m\000a\000n\000n\000\040\122\006\136\003\377\010\153\143\122\031\174\373\176\374\377\011}{section.6.3}% 121
\BOOKMARK [1][-]{section.6.4}{\376\377\116\045\214\050\143\250\133\374}{chapter.6}% 122
\BOOKMARK [2][-]{subsection.6.4.1}{\376\377\143\250\133\374\000\040\0001\377\032\156\051\136\246\166\204\133\232\116\111\116\016\160\355\136\163\210\141\147\141\116\366}{section.6.4}% 123
\BOOKMARK [2][-]{subsection.6.4.2}{\376\377\143\250\133\374\000\040\0002\377\032\000B\000o\000l\000t\000z\000m\000a\000n\000n\000\040\122\006\136\003\377\010\153\143\122\031\174\373\176\374\377\011}{section.6.4}% 124
\BOOKMARK [2][-]{subsection.6.4.3}{\376\377\143\250\133\374\000\040\0003\377\032\164\006\140\363\154\024\117\123\162\266\140\001\145\271\172\013}{section.6.4}% 125
\BOOKMARK [2][-]{subsection.6.4.4}{\376\377\143\250\133\374\000\040\0004\377\032\161\265\130\236\166\204\155\250\204\075\116\016\145\366\225\364\173\255\131\064}{section.6.4}% 126
\BOOKMARK [1][-]{section.6.5}{\376\377\142\020\172\313\147\141\116\366\116\016\131\061\145\110\217\271\165\114}{chapter.6}% 127
\BOOKMARK [1][-]{section.6.6}{\376\377\137\305\211\201\140\047\000\040\000\050\000N\000e\000c\000e\000s\000s\000i\000t\000y\000\051}{chapter.6}% 128
\BOOKMARK [1][-]{section.6.7}{\376\377\121\105\122\006\140\047\000\040\000\050\000S\000u\000f\000f\000i\000c\000i\000e\000n\000c\000y\000\051}{chapter.6}% 129
\BOOKMARK [-1][-]{part.2}{\376\377\000I\000I\000\040\147\011\145\110\133\232\137\213\377\032\126\333\123\101\116\011\147\141\143\250\133\374}{}% 130
\BOOKMARK [0][-]{chapter*.25}{\376\377\173\054\116\214\220\350\122\006\377\032\143\250\133\374\133\374\211\310}{part.2}% 131
\BOOKMARK [0][-]{chapter.7}{\376\377\122\233\133\146\377\032\116\316\147\000\134\017\117\134\165\050\221\317\122\060\116\007\147\011\137\025\122\233}{part.2}% 132
\BOOKMARK [1][-]{section.7.1}{\376\377\151\202\217\360}{chapter.7}% 133
\BOOKMARK [1][-]{section.7.2}{\376\377\000E\000u\000l\000e\000r\000-\000L\000a\000g\000r\000a\000n\000g\000e\000\040\145\271\172\013}{chapter.7}% 134
\BOOKMARK [2][-]{subsection.7.2.1}{\376\377\123\330\221\317\133\232\116\111}{section.7.2}% 135
\BOOKMARK [2][-]{subsection.7.2.2}{\376\377\143\250\133\374}{section.7.2}% 136
\BOOKMARK [1][-]{section.7.3}{\376\377\000N\000o\000e\000t\000h\000e\000r\000\040\133\232\164\006}{chapter.7}% 137
\BOOKMARK [2][-]{subsection.7.3.1}{\376\377\123\330\221\317\133\232\116\111}{section.7.3}% 138
\BOOKMARK [2][-]{subsection.7.3.2}{\376\377\143\250\133\374}{section.7.3}% 139
\BOOKMARK [1][-]{section.7.4}{\376\377\000N\000e\000w\000t\000o\000n\000\040\217\320\122\250\133\232\137\213}{chapter.7}% 140
\BOOKMARK [2][-]{subsection.7.4.1}{\376\377\173\054\116\000\133\232\137\213\377\010\140\357\140\047\133\232\137\213\377\011}{section.7.4}% 141
\BOOKMARK [2][-]{subsection.7.4.2}{\376\377\173\054\116\214\133\232\137\213\377\010\217\320\122\250\145\271\172\013\377\011}{section.7.4}% 142
\BOOKMARK [2][-]{subsection.7.4.3}{\376\377\173\054\116\011\133\232\137\213\377\010\117\134\165\050\000-\123\315\117\134\165\050\377\011}{section.7.4}% 143
\BOOKMARK [2][-]{subsection.7.4.4}{\376\377\116\007\147\011\137\025\122\233\133\232\137\213}{section.7.4}% 144
\BOOKMARK [1][-]{section.7.5}{\376\377\000K\000e\000p\000l\000e\000r\000\040\173\054\116\011\133\232\137\213\377\010\143\250\213\272\377\011}{chapter.7}% 145
\BOOKMARK [0][-]{chapter.8}{\376\377\165\065\170\301\133\146\377\032\116\316\211\304\203\003\116\015\123\330\140\047\122\060\000\040\000M\000a\000x\000w\000e\000l\000l\000\040\145\271\172\013\176\304}{part.2}% 146
\BOOKMARK [1][-]{section.8.1}{\376\377\151\202\217\360}{chapter.8}% 147
\BOOKMARK [1][-]{section.8.2}{\376\377\123\330\221\317\133\232\116\111}{chapter.8}% 148
\BOOKMARK [1][-]{section.8.3}{\376\377\143\250\133\374\377\032\116\316\000\040\000U\000\050\0001\000\051\000\040\211\304\203\003\133\371\171\360\140\047\122\060\000\040\000M\000a\000x\000w\000e\000l\000l\000\040\145\271\172\013}{chapter.8}% 149
\BOOKMARK [2][-]{subsection.8.3.1}{\376\377\136\246\221\317\173\046\123\367\166\204\221\315\211\201\213\146\124\112}{section.8.3}% 150
\BOOKMARK [1][-]{section.8.4}{\376\377\000L\000o\000r\000e\000n\000t\000z\000\040\122\233\133\232\137\213}{chapter.8}% 151
\BOOKMARK [1][-]{section.8.5}{\376\377\165\065\170\301\154\342\145\271\172\013}{chapter.8}% 152
\BOOKMARK [0][-]{chapter.9}{\376\377\221\317\133\120\122\233\133\146\377\032\116\316\121\154\213\276\122\060\230\204\212\000}{part.2}% 153
\BOOKMARK [1][-]{section.9.1}{\376\377\151\202\217\360}{chapter.9}% 154
\BOOKMARK [1][-]{section.9.2}{\376\377\000S\000c\000h\000r\000\366\000d\000i\000n\000g\000e\000r\000\040\145\271\172\013}{chapter.9}% 155
\BOOKMARK [1][-]{section.9.3}{\376\377\000P\000l\000a\000n\000c\000k\000-\000E\000i\000n\000s\000t\000e\000i\000n\000\040\121\163\174\373}{chapter.9}% 156
\BOOKMARK [1][-]{section.9.4}{\376\377\000d\000e\000\040\000B\000r\000o\000g\000l\000i\000e\000\040\154\342\225\177}{chapter.9}% 157
\BOOKMARK [1][-]{section.9.5}{\376\377\116\015\170\156\133\232\140\047\123\237\164\006}{chapter.9}% 158
\BOOKMARK [1][-]{section.9.6}{\376\377\000P\000a\000u\000l\000i\000\040\116\015\166\370\133\271\123\237\164\006\377\032\201\352\145\313\000-\176\337\213\241\133\232\164\006}{chapter.9}% 159
\BOOKMARK [0][-]{chapter.10}{\376\377\160\355\122\233\133\146\377\032\116\316\176\337\213\241\122\060\133\217\211\302}{part.2}% 160
\BOOKMARK [1][-]{section.10.1}{\376\377\151\202\217\360}{chapter.10}% 161
\BOOKMARK [1][-]{section.10.2}{\376\377\160\355\122\233\133\146\173\054\226\366\133\232\137\213}{chapter.10}% 162
\BOOKMARK [1][-]{section.10.3}{\376\377\160\355\122\233\133\146\173\054\116\000\133\232\137\213}{chapter.10}% 163
\BOOKMARK [1][-]{section.10.4}{\376\377\160\355\122\233\133\146\173\054\116\011\133\232\137\213}{chapter.10}% 164
\BOOKMARK [1][-]{section.10.5}{\376\377\164\006\140\363\154\024\117\123\162\266\140\001\145\271\172\013}{chapter.10}% 165
\BOOKMARK [1][-]{section.10.6}{\376\377\000F\000e\000r\000m\000i\000-\000D\000i\000r\000a\000c\000\040\122\006\136\003\377\010\143\250\213\272\377\011}{chapter.10}% 166
\BOOKMARK [1][-]{section.10.7}{\376\377\000B\000o\000s\000e\000-\000E\000i\000n\000s\000t\000e\000i\000n\000\040\122\006\136\003\377\010\143\250\213\272\377\011}{chapter.10}% 167
\BOOKMARK [1][-]{section.10.8}{\376\377\000N\000e\000r\000n\000s\000t\000\040\116\015\123\357\217\276\140\047\123\237\164\006\377\032\173\054\116\011\133\232\137\213\166\204\137\072\137\142\137\017}{chapter.10}% 168
\BOOKMARK [0][-]{chapter.11}{\376\377\166\370\133\371\213\272\377\032\116\316\121\111\220\037\116\015\123\330\122\060\137\025\122\233}{part.2}% 169
\BOOKMARK [1][-]{section.11.1}{\376\377\151\202\217\360}{chapter.11}% 170
\BOOKMARK [1][-]{section.11.2}{\376\377\000L\000o\000r\000e\000n\000t\000z\000\040\123\330\143\142}{chapter.11}% 171
\BOOKMARK [1][-]{section.11.3}{\376\377\215\050\200\375\173\111\116\367}{chapter.11}% 172
\BOOKMARK [1][-]{section.11.4}{\376\377\000E\000i\000n\000s\000t\000e\000i\000n\000\040\127\072\145\271\172\013}{chapter.11}% 173
\BOOKMARK [1][-]{section.11.5}{\376\377\000N\000e\000w\000t\000o\000n\000\040\116\007\147\011\137\025\122\233\377\010\137\061\127\072\147\201\226\120\377\011}{chapter.11}% 174
\BOOKMARK [0][-]{chapter.12}{\376\377\133\210\140\122\137\213\377\032\000N\000o\000e\000t\000h\000e\000r\000\040\166\204\220\127\116\247}{part.2}% 175
\BOOKMARK [1][-]{section.12.1}{\376\377\151\202\217\360}{chapter.12}% 176
\BOOKMARK [1][-]{section.12.2}{\376\377\200\375\221\317\133\210\140\122}{chapter.12}% 177
\BOOKMARK [1][-]{section.12.3}{\376\377\122\250\221\317\133\210\140\122}{chapter.12}% 178
\BOOKMARK [1][-]{section.12.4}{\376\377\211\322\122\250\221\317\133\210\140\122}{chapter.12}% 179
\BOOKMARK [1][-]{section.12.5}{\376\377\165\065\203\167\133\210\140\122}{chapter.12}% 180
\BOOKMARK [1][-]{section.12.6}{\376\377\133\210\140\122\137\213\140\073\211\310}{chapter.12}% 181
\BOOKMARK [0][-]{chapter.13}{\376\377\176\364\136\246\176\323\147\204\143\250\213\272\377\032\000D\000=\0003\000+\0001\000\040\166\204\116\003\147\141\124\016\147\234}{part.2}% 182
\BOOKMARK [1][-]{section.13.1}{\376\377\136\163\145\271\123\315\153\324\137\213\377\032\116\072\116\300\116\110\122\233\146\057\000\040\0001\000/\000r\0002}{chapter.13}% 183
\BOOKMARK [2][-]{subsection.13.1.1}{\376\377\162\151\164\006\166\364\211\311}{section.13.1}% 184
\BOOKMARK [2][-]{subsection.13.1.2}{\376\377\116\045\150\074\143\250\133\374}{section.13.1}% 185
\BOOKMARK [1][-]{section.13.2}{\376\377\000S\000O\000\050\0003\000\051\000\040\145\313\217\154\177\244\377\032\116\072\116\300\116\110\211\322\122\250\221\317\147\011\116\011\116\052\122\006\221\317}{chapter.13}% 186
\BOOKMARK [1][-]{section.13.3}{\376\377\172\063\133\232\000\040\000K\000e\000p\000l\000e\000r\000\040\217\150\220\123\377\032\116\072\116\300\116\110\210\114\146\037\116\015\127\140\121\145\131\052\226\063}{chapter.13}% 187
\BOOKMARK [1][-]{section.13.4}{\376\377\000H\000u\000y\000g\000e\000n\000s\000\040\123\237\164\006\377\032\116\072\116\300\116\110\130\360\227\363\156\005\146\160\060\001\154\241\147\011\126\336\124\315\142\326\134\076}{chapter.13}% 188
\BOOKMARK [1][-]{section.13.5}{\376\377\000M\000i\000n\000k\000o\000w\000s\000k\000i\000\040\136\246\211\304\173\046\123\367\135\356}{chapter.13}% 189
\BOOKMARK [1][-]{section.13.6}{\376\377\137\025\122\233\154\342\147\201\123\026}{chapter.13}% 190
\BOOKMARK [1][-]{section.13.7}{\376\377\117\123\171\357\221\317\176\262\116\016\164\006\140\363\154\024\117\123\145\271\172\013}{chapter.13}% 191
\BOOKMARK [1][-]{section.13.8}{\376\377\116\003\147\141\143\250\213\272\166\204\145\164\117\123\141\017\116\111}{chapter.13}% 192
\BOOKMARK [0][-]{chapter.14}{\376\377\150\007\121\306\152\041\127\213\147\011\145\110\127\072\213\272\377\032\116\316\211\304\203\003\177\244\122\060\162\151\164\006\230\204\212\000}{part.2}% 193
\BOOKMARK [1][-]{section.14.1}{\376\377\156\020\217\321\201\352\165\061\377\032\116\072\116\300\116\110\131\070\121\113\127\050\232\330\200\375\145\366\201\352\165\061\060\001\117\116\200\375\145\366\171\201\225\355}{chapter.14}% 194
\BOOKMARK [2][-]{subsection.14.1.1}{\376\377\162\151\164\006\166\364\211\311}{section.14.1}% 195
\BOOKMARK [2][-]{subsection.14.1.2}{\376\377\116\045\150\074\143\250\133\374\377\032\116\316\000\040\000S\000U\000\050\0003\000\051\000\040\000Y\000a\000n\000g\000-\000M\000i\000l\000l\000s\000\040\122\060\000\040\000-\121\375\145\160}{section.14.1}% 196
\BOOKMARK [1][-]{section.14.2}{\376\377\000H\000i\000g\000g\000s\000\040\147\072\122\066\377\032\215\050\221\317\166\204\215\167\156\220}{chapter.14}% 197
\BOOKMARK [2][-]{subsection.14.2.1}{\376\377\162\151\164\006\166\364\211\311}{section.14.2}% 198
\BOOKMARK [2][-]{subsection.14.2.2}{\376\377\116\045\150\074\143\250\133\374}{section.14.2}% 199
\BOOKMARK [1][-]{section.14.3}{\376\377\000C\000K\000M\000\040\167\351\226\065\377\032\124\163\166\204\155\367\124\010\116\016\000\040\000C\000P\000\040\170\064\127\117\166\204\137\305\161\066\140\047}{chapter.14}% 200
\BOOKMARK [2][-]{subsection.14.3.1}{\376\377\162\151\164\006\166\364\211\311}{section.14.3}% 201
\BOOKMARK [2][-]{subsection.14.3.2}{\376\377\116\045\150\074\143\250\133\374}{section.14.3}% 202
\BOOKMARK [1][-]{section.14.4}{\376\377\150\007\121\306\152\041\127\213\166\204\116\011\147\141\143\250\213\272\377\032\145\164\117\123\126\376\146\157}{chapter.14}% 203
\BOOKMARK [0][-]{chapter.15}{\376\377\121\150\134\100\213\301\146\016\377\032\117\123\174\373\166\204\201\352\155\075\140\047\060\001\133\214\145\164\140\047\116\016\121\105\122\006\137\305\211\201\140\047}{part.2}% 204
\BOOKMARK [1][-]{section.15.1}{\376\377\213\272\213\301\213\355\212\000\123\125\117\115\377\032\142\021\116\354\165\050\116\300\116\110\135\345\121\167\213\301\146\016}{chapter.15}% 205
\BOOKMARK [1][-]{section.15.2}{\376\377\133\214\145\164\140\047\213\301\146\016\377\032\142\100\147\011\133\232\137\213\127\107\123\357\143\250\133\374}{chapter.15}% 206
\BOOKMARK [2][-]{subsection.15.2.1}{\376\377\133\232\164\006\226\110\217\360}{section.15.2}% 207
\BOOKMARK [2][-]{subsection.15.2.2}{\376\377\213\301\146\016\145\271\154\325}{section.15.2}% 208
\BOOKMARK [2][-]{subsection.15.2.3}{\376\377\176\323\147\234}{section.15.2}% 209
\BOOKMARK [2][-]{subsection.15.2.4}{\376\377\143\250\133\374\155\361\136\246\122\006\136\003}{section.15.2}% 210
\BOOKMARK [1][-]{section.15.3}{\376\377\137\305\211\201\140\047\213\301\146\016\377\032\153\317\147\141\123\237\122\031\220\375\146\057\116\015\123\357\171\373\226\144\166\204}{chapter.15}% 211
\BOOKMARK [2][-]{subsection.15.3.1}{\376\377\133\232\164\006\226\110\217\360}{section.15.3}% 212
\BOOKMARK [2][-]{subsection.15.3.2}{\376\377\137\305\211\201\140\047\167\351\226\065}{section.15.3}% 213
\BOOKMARK [2][-]{subsection.15.3.3}{\376\377\137\305\211\201\140\047\123\315\116\213\133\236\122\006\147\220}{section.15.3}% 214
\BOOKMARK [1][-]{section.15.4}{\376\377\201\352\155\075\140\047\213\301\146\016\377\032\117\123\174\373\121\205\220\350\145\340\167\333\166\376}{chapter.15}% 215
\BOOKMARK [2][-]{subsection.15.4.1}{\376\377\133\232\164\006\226\110\217\360}{section.15.4}% 216
\BOOKMARK [2][-]{subsection.15.4.2}{\376\377\145\340\163\257\140\047}{section.15.4}% 217
\BOOKMARK [2][-]{subsection.15.4.3}{\376\377\145\340\167\333\166\376\140\047}{section.15.4}% 218
\BOOKMARK [2][-]{subsection.15.4.4}{\376\377\147\000\134\017\123\026}{section.15.4}% 219
\BOOKMARK [1][-]{section.15.5}{\376\377\116\244\123\311\123\160\213\301\177\121\377\032\126\333\147\141\162\354\172\313\166\204\232\214\213\301\176\277\215\357}{chapter.15}% 220
\BOOKMARK [1][-]{section.15.6}{\376\377\117\123\174\373\140\073\126\376}{chapter.15}% 221
\BOOKMARK [1][-]{section.15.7}{\376\377\176\323\213\272\377\032\116\000\116\052\201\352\155\075\116\024\133\214\145\164\166\204\162\151\164\006\121\154\164\006\117\123\174\373}{chapter.15}% 222
\BOOKMARK [-1][-]{part.3}{\376\377\000I\000I\000I\000\040\226\104\137\125}{}% 223
\BOOKMARK [0][-]{appendix.A}{\376\377\162\151\164\006\136\070\145\160\210\150}{part.3}% 224
\BOOKMARK [0][-]{appendix.B}{\376\377\126\333\123\101\116\011\147\141\143\250\133\374\117\235\215\126\210\150}{part.3}% 225
\BOOKMARK [0][-]{appendix.C}{\376\377\143\250\133\374\117\235\215\126\121\163\174\373\140\073\126\376}{part.3}% 226
